node:events:487
      throw er; // Unhandled 'error' event
      ^

Error: listen EADDRINUSE: address already in use :::10000
    at Server.setupListenHandle [as _listen2] (node:net:2008:16)
    at listenInCluster (node:net:2065:12)
    at Server.listen (node:net:2170:7)
    at app.listen (D:\Finanzas_Pro_App E-Commerce\Finanzas_Pro_App\node_modules\express\lib\application.js:635:24)
    at Object.<anonymous> (D:\Finanzas_Pro_App E-Commerce\Finanzas_Pro_App\src\server.js:616:5)
    at Module._compile (node:internal/modules/cjs/loader:1829:14)
    at Object..js (node:internal/modules/cjs/loader:1969:10)
    at Module.load (node:internal/modules/cjs/loader:1552:32)
    at Module._load (node:internal/modules/cjs/loader:1354:12)
    at wrapModuleLoad (node:internal/modules/cjs/loader:255:19)
Emitted 'error' event on Server instance at:
    at emitErrorNT (node:net:2044:8)
    at process.processTicksAndRejections (node:internal/process/task_queues:90:21) {
  code: 'EADDRINUSE',
  errno: -4091,
  syscall: 'listen',
  address: '::',
  port: 10000
}

Node.js v25.9.0
